<?xml version="1.0" encoding="UTF-8"?>
<Site BuildName="(empty)"
	BuildStamp="20231106-0731-Experimental"
	Name="(empty)"
	Generator="ctest-3.16.3"
	CompilerName=""
	CompilerVersion=""
	OSName="Linux"
	Hostname="ZaneLaptop"
	OSRelease="5.10.16.3-microsoft-standard-WSL2"
	OSVersion="#1 SMP Fri Apr 2 22:23:49 UTC 2021"
	OSPlatform="x86_64"
	Is64Bits="1"
	VendorString="GenuineIntel"
	VendorID="Intel Corporation"
	FamilyID="6"
	ModelID="158"
	ProcessorCacheSize="12288"
	NumberOfLogicalCPU="12"
	NumberOfPhysicalCPU="6"
	TotalVirtualMemory="3072"
	TotalPhysicalMemory="11895"
	LogicalProcessorsPerPhysical="2"
	ProcessorClockFrequency="2592.01"
	>
	<Testing>
		<StartDateTime>Nov 06 10:35 SAST</StartDateTime>
		<StartTestTime>1699259750</StartTestTime>
		<TestList/>
		<EndDateTime>Nov 06 10:35 SAST</EndDateTime>
		<EndTestTime>1699259750</EndTestTime>
		<ElapsedMinutes>0</ElapsedMinutes>
	</Testing>
</Site>
