<?xml version="1.0" encoding="UTF-8"?>
<Site BuildName="(empty)"
	BuildStamp="20231106-0739-Experimental"
	Name="(empty)"
	Generator="ctest-3.22.1"
	CompilerName=""
	CompilerVersion=""
	OSName="Linux"
	Hostname="Keanulaptop"
	OSRelease="5.15.90.1-microsoft-standard-WSL2"
	OSVersion="#1 SMP Fri Jan 27 02:56:13 UTC 2023"
	OSPlatform="x86_64"
	Is64Bits="1"
	VendorString="GenuineIntel"
	VendorID="Intel Corporation"
	FamilyID="6"
	ModelID="142"
	ProcessorCacheSize="6144"
	NumberOfLogicalCPU="8"
	NumberOfPhysicalCPU="4"
	TotalVirtualMemory="1024"
	TotalPhysicalMemory="3835"
	LogicalProcessorsPerPhysical="2"
	ProcessorClockFrequency="2112.01"
	>
	<Testing>
		<StartDateTime>Nov 06 10:00 SAST</StartDateTime>
		<StartTestTime>1699257628</StartTestTime>
		<TestList/>
		<EndDateTime>Nov 06 10:00 SAST</EndDateTime>
		<EndTestTime>1699257628</EndTestTime>
		<ElapsedMinutes>0</ElapsedMinutes>
	</Testing>
</Site>
