<?xml version="1.0" encoding="UTF-8"?>
<Site BuildName="(empty)"
	BuildStamp="20231107-1155-Experimental"
	Name="(empty)"
	Generator="ctest-3.16.3"
	CompilerName=""
	CompilerVersion=""
	OSName="Linux"
	Hostname="DESKTOP-60QA9TL"
	OSRelease="5.10.16.3-microsoft-standard-WSL2"
	OSVersion="#1 SMP Fri Apr 2 22:23:49 UTC 2021"
	OSPlatform="x86_64"
	Is64Bits="1"
	VendorString="GenuineIntel"
	VendorID="Intel Corporation"
	FamilyID="6"
	ModelID="140"
	ProcessorCacheSize="12288"
	NumberOfLogicalCPU="8"
	NumberOfPhysicalCPU="4"
	TotalVirtualMemory="2048"
	TotalPhysicalMemory="7818"
	LogicalProcessorsPerPhysical="2"
	ProcessorClockFrequency="1689.61"
	>
	<Testing>
		<StartDateTime>Nov 07 13:55 SAST</StartDateTime>
		<StartTestTime>1699358108</StartTestTime>
		<TestList/>
		<EndDateTime>Nov 07 13:55 SAST</EndDateTime>
		<EndTestTime>1699358108</EndTestTime>
		<ElapsedMinutes>0</ElapsedMinutes>
	</Testing>
</Site>
